Sender: LSF System <lsfadmin@polus-c2-ib.bmc.hpc.cs.msu.ru>
Subject: Job 735843: <# this file was automaticly created by mpisubmit.pl script for edu-cmc-sqi20-16 #;source /polusfs/setenv/setup.SMPI;#BSUB -n 1;#BSUB -W 00:15;#BSUB -o main.%J.out;#BSUB -e main.%J.err;OMP_NUM_THREADS=1 mpiexec main 25 25 2> in cluster <MSUCluster> Done

Job <# this file was automaticly created by mpisubmit.pl script for edu-cmc-sqi20-16 #;source /polusfs/setenv/setup.SMPI;#BSUB -n 1;#BSUB -W 00:15;#BSUB -o main.%J.out;#BSUB -e main.%J.err;OMP_NUM_THREADS=1 mpiexec main 25 25 2> was submitted from host <polus-ib.bmc.hpc.cs.msu.ru> by user <edu-cmc-sqi20-16> in cluster <MSUCluster> at Tue Mar 30 15:46:45 2021
Job was executed on host(s) <polus-c2-ib.bmc.hpc.cs.msu.ru>, in queue <short>, as user <edu-cmc-sqi20-16> in cluster <MSUCluster> at Tue Mar 30 15:46:46 2021
</home_edu/edu-cmc-sqi20/edu-cmc-sqi20-16> was used as the home directory.
</home_edu/edu-cmc-sqi20/edu-cmc-sqi20-16/prak_2021/dz_2> was used as the working directory.
Started at Tue Mar 30 15:46:46 2021
Terminated at Tue Mar 30 15:46:54 2021
Results reported at Tue Mar 30 15:46:54 2021

Your job looked like:

------------------------------------------------------------
# LSBATCH: User input
# this file was automaticly created by mpisubmit.pl script for edu-cmc-sqi20-16 #
source /polusfs/setenv/setup.SMPI
#BSUB -n 1
#BSUB -W 00:15
#BSUB -o main.%J.out
#BSUB -e main.%J.err
OMP_NUM_THREADS=1 mpiexec main 25 25 2

------------------------------------------------------------

Successfully completed.

Resource usage summary:

    CPU time :                                   5.32 sec.
    Max Memory :                                 2118 MB
    Average Memory :                             1589.50 MB
    Total Requested Memory :                     -
    Delta Memory :                               -
    Max Swap :                                   -
    Max Processes :                              5
    Max Threads :                                12
    Run time :                                   10 sec.
    Turnaround time :                            9 sec.

The output (if any) follows:

Qnum: 25
Pnum: 1
Target: 25
Time: 3.2184 s


PS:

Read file <main.735843.err> for stderr output of this job.

