Sender: LSF System <lsfadmin@polus-c1-ib.bmc.hpc.cs.msu.ru>
Subject: Job 735870: <# this file was automaticly created by mpisubmit.pl script for edu-cmc-sqi20-16 #;source /polusfs/setenv/setup.SMPI;#BSUB -n 4;#BSUB -W 00:15;#BSUB -o main.%J.out;#BSUB -e main.%J.err;OMP_NUM_THREADS=1 mpiexec main 26 26 2> in cluster <MSUCluster> Done

Job <# this file was automaticly created by mpisubmit.pl script for edu-cmc-sqi20-16 #;source /polusfs/setenv/setup.SMPI;#BSUB -n 4;#BSUB -W 00:15;#BSUB -o main.%J.out;#BSUB -e main.%J.err;OMP_NUM_THREADS=1 mpiexec main 26 26 2> was submitted from host <polus-ib.bmc.hpc.cs.msu.ru> by user <edu-cmc-sqi20-16> in cluster <MSUCluster> at Tue Mar 30 15:51:23 2021
Job was executed on host(s) <4*polus-c1-ib.bmc.hpc.cs.msu.ru>, in queue <short>, as user <edu-cmc-sqi20-16> in cluster <MSUCluster> at Tue Mar 30 15:51:49 2021
</home_edu/edu-cmc-sqi20/edu-cmc-sqi20-16> was used as the home directory.
</home_edu/edu-cmc-sqi20/edu-cmc-sqi20-16/prak_2021/dz_2> was used as the working directory.
Started at Tue Mar 30 15:51:49 2021
Terminated at Tue Mar 30 15:51:53 2021
Results reported at Tue Mar 30 15:51:53 2021

Your job looked like:

------------------------------------------------------------
# LSBATCH: User input
# this file was automaticly created by mpisubmit.pl script for edu-cmc-sqi20-16 #
source /polusfs/setenv/setup.SMPI
#BSUB -n 4
#BSUB -W 00:15
#BSUB -o main.%J.out
#BSUB -e main.%J.err
OMP_NUM_THREADS=1 mpiexec main 26 26 2

------------------------------------------------------------

Successfully completed.

Resource usage summary:

    CPU time :                                   12.85 sec.
    Max Memory :                                 2546 MB
    Average Memory :                             1697.67 MB
    Total Requested Memory :                     -
    Delta Memory :                               -
    Max Swap :                                   -
    Max Processes :                              8
    Max Threads :                                21
    Run time :                                   4 sec.
    Turnaround time :                            30 sec.

The output (if any) follows:

Qnum: 26
Pnum: 4
Target: 26
Time: 1.4989 s


PS:

Read file <main.735870.err> for stderr output of this job.

