Sender: LSF System <lsfadmin@polus-c1-ib.bmc.hpc.cs.msu.ru>
Subject: Job 735839: <# this file was automaticly created by mpisubmit.pl script for edu-cmc-sqi20-16 #;source /polusfs/setenv/setup.SMPI;#BSUB -n 2;#BSUB -W 00:15;#BSUB -o main.%J.out;#BSUB -e main.%J.err;OMP_NUM_THREADS=1 mpiexec main 25 1 2> in cluster <MSUCluster> Done

Job <# this file was automaticly created by mpisubmit.pl script for edu-cmc-sqi20-16 #;source /polusfs/setenv/setup.SMPI;#BSUB -n 2;#BSUB -W 00:15;#BSUB -o main.%J.out;#BSUB -e main.%J.err;OMP_NUM_THREADS=1 mpiexec main 25 1 2> was submitted from host <polus-ib.bmc.hpc.cs.msu.ru> by user <edu-cmc-sqi20-16> in cluster <MSUCluster> at Tue Mar 30 15:46:03 2021
Job was executed on host(s) <2*polus-c1-ib.bmc.hpc.cs.msu.ru>, in queue <short>, as user <edu-cmc-sqi20-16> in cluster <MSUCluster> at Tue Mar 30 15:46:04 2021
</home_edu/edu-cmc-sqi20/edu-cmc-sqi20-16> was used as the home directory.
</home_edu/edu-cmc-sqi20/edu-cmc-sqi20-16/prak_2021/dz_2> was used as the working directory.
Started at Tue Mar 30 15:46:04 2021
Terminated at Tue Mar 30 15:46:47 2021
Results reported at Tue Mar 30 15:46:47 2021

Your job looked like:

------------------------------------------------------------
# LSBATCH: User input
# this file was automaticly created by mpisubmit.pl script for edu-cmc-sqi20-16 #
source /polusfs/setenv/setup.SMPI
#BSUB -n 2
#BSUB -W 00:15
#BSUB -o main.%J.out
#BSUB -e main.%J.err
OMP_NUM_THREADS=1 mpiexec main 25 1 2

------------------------------------------------------------

Successfully completed.

Resource usage summary:

    CPU time :                                   84.98 sec.
    Max Memory :                                 2171 MB
    Average Memory :                             1899.75 MB
    Total Requested Memory :                     -
    Delta Memory :                               -
    Max Swap :                                   -
    Max Processes :                              6
    Max Threads :                                15
    Run time :                                   50 sec.
    Turnaround time :                            44 sec.

The output (if any) follows:

Qnum: 25
Pnum: 2
Target: 1
Time: 1.49764 s


PS:

Read file <main.735839.err> for stderr output of this job.

