Sender: LSF System <lsfadmin@polus-c2-ib.bmc.hpc.cs.msu.ru>
Subject: Job 735842: <# this file was automaticly created by mpisubmit.pl script for edu-cmc-sqi20-16 #;source /polusfs/setenv/setup.SMPI;#BSUB -n 8;#BSUB -W 00:15;#BSUB -o main.%J.out;#BSUB -e main.%J.err;OMP_NUM_THREADS=1 mpiexec main 25 25 1> in cluster <MSUCluster> Done

Job <# this file was automaticly created by mpisubmit.pl script for edu-cmc-sqi20-16 #;source /polusfs/setenv/setup.SMPI;#BSUB -n 8;#BSUB -W 00:15;#BSUB -o main.%J.out;#BSUB -e main.%J.err;OMP_NUM_THREADS=1 mpiexec main 25 25 1> was submitted from host <polus-ib.bmc.hpc.cs.msu.ru> by user <edu-cmc-sqi20-16> in cluster <MSUCluster> at Tue Mar 30 15:46:45 2021
Job was executed on host(s) <8*polus-c2-ib.bmc.hpc.cs.msu.ru>, in queue <short>, as user <edu-cmc-sqi20-16> in cluster <MSUCluster> at Tue Mar 30 15:46:46 2021
</home_edu/edu-cmc-sqi20/edu-cmc-sqi20-16> was used as the home directory.
</home_edu/edu-cmc-sqi20/edu-cmc-sqi20-16/prak_2021/dz_2> was used as the working directory.
Started at Tue Mar 30 15:46:46 2021
Terminated at Tue Mar 30 15:46:49 2021
Results reported at Tue Mar 30 15:46:49 2021

Your job looked like:

------------------------------------------------------------
# LSBATCH: User input
# this file was automaticly created by mpisubmit.pl script for edu-cmc-sqi20-16 #
source /polusfs/setenv/setup.SMPI
#BSUB -n 8
#BSUB -W 00:15
#BSUB -o main.%J.out
#BSUB -e main.%J.err
OMP_NUM_THREADS=1 mpiexec main 25 25 1

------------------------------------------------------------

Successfully completed.

Resource usage summary:

    CPU time :                                   9.45 sec.
    Max Memory :                                 1461 MB
    Average Memory :                             974.33 MB
    Total Requested Memory :                     -
    Delta Memory :                               -
    Max Swap :                                   -
    Max Processes :                              12
    Max Threads :                                33
    Run time :                                   5 sec.
    Turnaround time :                            4 sec.

The output (if any) follows:



PS:

Read file <main.735842.err> for stderr output of this job.

